platforms/android/app/build/intermediates/manifest_merge_blame_file/debug/manifest-merger-blame-debug-report.txt
1<?xml version="1.0" encoding="utf-8"?>
2<manifest xmlns:android="http://schemas.android.com/apk/res/android"
3    package="com.AK.test2"
4    android:hardwareAccelerated="true"
5    android:versionCode="10000"
6    android:versionName="1.0.0" >
7
8    <uses-sdk
9        android:minSdkVersion="22"
9-->src\main\AndroidManifest.xml
10        android:targetSdkVersion="29" />
10-->src\main\AndroidManifest.xml
11
12    <supports-screens
12-->src\main\AndroidManifest.xml:3:5-191
13        android:anyDensity="true"
13-->src\main\AndroidManifest.xml:3:23-48
14        android:largeScreens="true"
14-->src\main\AndroidManifest.xml:3:49-76
15        android:normalScreens="true"
15-->src\main\AndroidManifest.xml:3:77-105
16        android:resizeable="true"
16-->src\main\AndroidManifest.xml:3:106-131
17        android:smallScreens="true"
17-->src\main\AndroidManifest.xml:3:132-159
18        android:xlargeScreens="true" />
18-->src\main\AndroidManifest.xml:3:160-188
19
20    <uses-permission android:name="android.permission.INTERNET" />
20-->src\main\AndroidManifest.xml:4:5-67
20-->src\main\AndroidManifest.xml:4:22-64
21    <uses-permission android:name="android.permission.ACCESS_NETWORK_STATE" />
21-->src\main\AndroidManifest.xml:27:5-79
21-->src\main\AndroidManifest.xml:27:22-76
22    <uses-permission android:name="android.permission.WAKE_LOCK" />
22-->src\main\AndroidManifest.xml:28:5-68
22-->src\main\AndroidManifest.xml:28:22-65
23    <!-- Required by older versions of Google Play services to create IID tokens -->
24    <uses-permission android:name="com.google.android.c2dm.permission.RECEIVE" />
24-->[com.google.firebase:firebase-iid:20.2.3] AndroidManifest.xml:26:5-82
24-->[com.google.firebase:firebase-iid:20.2.3] AndroidManifest.xml:26:22-79
25    <uses-permission android:name="com.google.android.finsky.permission.BIND_GET_INSTALL_REFERRER_SERVICE" />
25-->[com.android.installreferrer:installreferrer:2.1] AndroidManifest.xml:9:5-110
25-->[com.android.installreferrer:installreferrer:2.1] AndroidManifest.xml:9:22-107
26
27    <application
27-->src\main\AndroidManifest.xml:5:5-26:19
28        android:name="com.clevertap.android.sdk.Application"
28-->src\main\AndroidManifest.xml:5:121-173
29        android:appComponentFactory="androidx.core.app.CoreComponentFactory"
29-->[androidx.core:core:1.3.0] AndroidManifest.xml:24:18-86
30        android:debuggable="true"
31        android:hardwareAccelerated="true"
31-->src\main\AndroidManifest.xml:5:18-52
32        android:icon="@mipmap/ic_launcher"
32-->src\main\AndroidManifest.xml:5:53-87
33        android:label="@string/app_name"
33-->src\main\AndroidManifest.xml:5:88-120
34        android:supportsRtl="true" >
34-->src\main\AndroidManifest.xml:5:174-200
35        <activity
35-->src\main\AndroidManifest.xml:6:9-11:20
36            android:name="com.AK.test2.MainActivity"
36-->src\main\AndroidManifest.xml:6:205-232
37            android:configChanges="orientation|keyboardHidden|keyboard|screenSize|locale|smallestScreenSize|screenLayout|uiMode"
37-->src\main\AndroidManifest.xml:6:19-135
38            android:label="@string/activity_name"
38-->src\main\AndroidManifest.xml:6:136-173
39            android:launchMode="singleTop"
39-->src\main\AndroidManifest.xml:6:174-204
40            android:theme="@android:style/Theme.DeviceDefault.NoActionBar"
40-->src\main\AndroidManifest.xml:6:233-295
41            android:windowSoftInputMode="adjustResize" >
41-->src\main\AndroidManifest.xml:6:296-338
42            <intent-filter android:label="@string/launcher_name" >
42-->src\main\AndroidManifest.xml:7:13-10:29
42-->src\main\AndroidManifest.xml:7:28-65
43                <action android:name="android.intent.action.MAIN" />
43-->src\main\AndroidManifest.xml:8:17-69
43-->src\main\AndroidManifest.xml:8:25-66
44
45                <category android:name="android.intent.category.LAUNCHER" />
45-->src\main\AndroidManifest.xml:9:17-77
45-->src\main\AndroidManifest.xml:9:27-74
46            </intent-filter>
47        </activity>
48
49        <service android:name="com.clevertap.android.sdk.pushnotification.fcm.FcmMessageListenerService" >
49-->src\main\AndroidManifest.xml:12:9-16:19
49-->src\main\AndroidManifest.xml:12:18-105
50            <intent-filter>
50-->src\main\AndroidManifest.xml:13:13-15:29
51                <action android:name="com.google.firebase.MESSAGING_EVENT" />
51-->src\main\AndroidManifest.xml:14:17-78
51-->src\main\AndroidManifest.xml:14:25-75
52            </intent-filter>
53        </service>
54        <service
54-->src\main\AndroidManifest.xml:17:9-21:19
55            android:name="com.clevertap.android.sdk.pushnotification.CTNotificationIntentService"
55-->src\main\AndroidManifest.xml:17:43-128
56            android:exported="false" >
56-->src\main\AndroidManifest.xml:17:18-42
57            <intent-filter>
57-->src\main\AndroidManifest.xml:18:13-20:29
58                <action android:name="com.clevertap.PUSH_EVENT" />
58-->src\main\AndroidManifest.xml:19:17-67
58-->src\main\AndroidManifest.xml:19:25-64
59            </intent-filter>
60        </service>
61
62        <meta-data
62-->src\main\AndroidManifest.xml:22:9-92
63            android:name="CLEVERTAP_ACCOUNT_ID"
63-->src\main\AndroidManifest.xml:22:20-55
64            android:value="TEST-RZ7-Z94-K95Z" />
64-->src\main\AndroidManifest.xml:22:56-89
65        <meta-data
65-->src\main\AndroidManifest.xml:23:9-82
66            android:name="CLEVERTAP_TOKEN"
66-->src\main\AndroidManifest.xml:23:20-50
67            android:value="TEST-4c1-a12" />
67-->src\main\AndroidManifest.xml:23:51-79
68        <meta-data
68-->src\main\AndroidManifest.xml:24:9-72
69            android:name="CLEVERTAP_REGION"
69-->src\main\AndroidManifest.xml:24:20-51
70            android:value=" " />
70-->src\main\AndroidManifest.xml:24:52-69
71
72        <receiver
72-->src\main\AndroidManifest.xml:25:9-154
73            android:name="com.clevertap.android.sdk.pushnotification.CTPushNotificationReceiver"
73-->src\main\AndroidManifest.xml:25:67-151
74            android:enabled="true"
74-->src\main\AndroidManifest.xml:25:19-41
75            android:exported="false" />
75-->src\main\AndroidManifest.xml:25:42-66
76        <!--
77             FirebaseMessagingService performs security checks at runtime,
78             but set to not exported to explicitly avoid allowing another app to call it.
79        -->
80        <service
80-->[com.google.firebase:firebase-messaging:20.2.4] AndroidManifest.xml:28:9-35:19
81            android:name="com.google.firebase.messaging.FirebaseMessagingService"
81-->[com.google.firebase:firebase-messaging:20.2.4] AndroidManifest.xml:29:13-82
82            android:directBootAware="true"
82-->[com.google.firebase:firebase-messaging:20.2.4] AndroidManifest.xml:30:13-43
83            android:exported="false" >
83-->[com.google.firebase:firebase-messaging:20.2.4] AndroidManifest.xml:31:13-37
84            <intent-filter android:priority="-500" >
84-->src\main\AndroidManifest.xml:13:13-15:29
85                <action android:name="com.google.firebase.MESSAGING_EVENT" />
85-->src\main\AndroidManifest.xml:14:17-78
85-->src\main\AndroidManifest.xml:14:25-75
86            </intent-filter>
87        </service>
88        <service
88-->[com.google.firebase:firebase-messaging:20.2.4] AndroidManifest.xml:36:9-42:19
89            android:name="com.google.firebase.components.ComponentDiscoveryService"
89-->[com.google.firebase:firebase-messaging:20.2.4] AndroidManifest.xml:37:13-84
90            android:directBootAware="true"
90-->[com.google.firebase:firebase-common:19.3.0] AndroidManifest.xml:34:13-43
91            android:exported="false" >
91-->[com.google.firebase:firebase-messaging:20.2.4] AndroidManifest.xml:38:13-37
92            <meta-data
92-->[com.google.firebase:firebase-messaging:20.2.4] AndroidManifest.xml:39:13-41:85
93                android:name="com.google.firebase.components:com.google.firebase.messaging.FirebaseMessagingRegistrar"
93-->[com.google.firebase:firebase-messaging:20.2.4] AndroidManifest.xml:40:17-119
94                android:value="com.google.firebase.components.ComponentRegistrar" />
94-->[com.google.firebase:firebase-messaging:20.2.4] AndroidManifest.xml:41:17-82
95            <meta-data
95-->[com.google.firebase:firebase-iid:20.2.3] AndroidManifest.xml:32:13-34:85
96                android:name="com.google.firebase.components:com.google.firebase.iid.Registrar"
96-->[com.google.firebase:firebase-iid:20.2.3] AndroidManifest.xml:33:17-96
97                android:value="com.google.firebase.components.ComponentRegistrar" />
97-->[com.google.firebase:firebase-iid:20.2.3] AndroidManifest.xml:34:17-82
98            <meta-data
98-->[com.google.firebase:firebase-datatransport:17.0.3] AndroidManifest.xml:28:13-30:85
99                android:name="com.google.firebase.components:com.google.firebase.datatransport.TransportRegistrar"
99-->[com.google.firebase:firebase-datatransport:17.0.3] AndroidManifest.xml:29:17-115
100                android:value="com.google.firebase.components.ComponentRegistrar" />
100-->[com.google.firebase:firebase-datatransport:17.0.3] AndroidManifest.xml:30:17-82
101            <meta-data
101-->[com.google.firebase:firebase-installations:16.3.3] AndroidManifest.xml:17:13-19:85
102                android:name="com.google.firebase.components:com.google.firebase.installations.FirebaseInstallationsRegistrar"
102-->[com.google.firebase:firebase-installations:16.3.3] AndroidManifest.xml:18:17-127
103                android:value="com.google.firebase.components.ComponentRegistrar" />
103-->[com.google.firebase:firebase-installations:16.3.3] AndroidManifest.xml:19:17-82
104        </service>
105
106        <activity
106-->[com.clevertap.android:clevertap-android-sdk:4.0.2] AndroidManifest.xml:12:9-15:75
107            android:name="com.clevertap.android.sdk.InAppNotificationActivity"
107-->[com.clevertap.android:clevertap-android-sdk:4.0.2] AndroidManifest.xml:13:13-79
108            android:configChanges="keyboardHidden"
108-->[com.clevertap.android:clevertap-android-sdk:4.0.2] AndroidManifest.xml:14:13-51
109            android:theme="@android:style/Theme.Translucent.NoTitleBar" />
109-->[com.clevertap.android:clevertap-android-sdk:4.0.2] AndroidManifest.xml:15:13-72
110        <activity
110-->[com.clevertap.android:clevertap-android-sdk:4.0.2] AndroidManifest.xml:16:9-19:77
111            android:name="com.clevertap.android.sdk.CTInboxActivity"
111-->[com.clevertap.android:clevertap-android-sdk:4.0.2] AndroidManifest.xml:17:13-69
112            android:configChanges="keyboardHidden"
112-->[com.clevertap.android:clevertap-android-sdk:4.0.2] AndroidManifest.xml:18:13-51
113            android:theme="@style/Theme.AppCompat.DayNight.DarkActionBar" />
113-->[com.clevertap.android:clevertap-android-sdk:4.0.2] AndroidManifest.xml:19:13-74
114
115        <service
115-->[com.clevertap.android:clevertap-android-sdk:4.0.2] AndroidManifest.xml:26:9-33:19
116            android:name="com.clevertap.android.sdk.pushnotification.amp.CTBackgroundIntentService"
116-->[com.clevertap.android:clevertap-android-sdk:4.0.2] AndroidManifest.xml:27:13-100
117            android:exported="false"
117-->[com.clevertap.android:clevertap-android-sdk:4.0.2] AndroidManifest.xml:28:13-37
118            android:permission="android.permission.BIND_JOB_SERVICE" >
118-->[com.clevertap.android:clevertap-android-sdk:4.0.2] AndroidManifest.xml:29:13-69
119            <intent-filter>
119-->[com.clevertap.android:clevertap-android-sdk:4.0.2] AndroidManifest.xml:30:13-32:29
120                <action android:name="com.clevertap.BG_EVENT" />
120-->[com.clevertap.android:clevertap-android-sdk:4.0.2] AndroidManifest.xml:31:17-65
120-->[com.clevertap.android:clevertap-android-sdk:4.0.2] AndroidManifest.xml:31:25-62
121            </intent-filter>
122        </service>
123        <service
123-->[com.clevertap.android:clevertap-android-sdk:4.0.2] AndroidManifest.xml:34:9-37:72
124            android:name="com.clevertap.android.sdk.pushnotification.amp.CTBackgroundJobService"
124-->[com.clevertap.android:clevertap-android-sdk:4.0.2] AndroidManifest.xml:35:13-97
125            android:exported="false"
125-->[com.clevertap.android:clevertap-android-sdk:4.0.2] AndroidManifest.xml:36:13-37
126            android:permission="android.permission.BIND_JOB_SERVICE" />
126-->[com.clevertap.android:clevertap-android-sdk:4.0.2] AndroidManifest.xml:37:13-69
127
128        <receiver
128-->[com.google.firebase:firebase-iid:20.2.3] AndroidManifest.xml:37:9-44:20
129            android:name="com.google.firebase.iid.FirebaseInstanceIdReceiver"
129-->[com.google.firebase:firebase-iid:20.2.3] AndroidManifest.xml:38:13-78
130            android:exported="true"
130-->[com.google.firebase:firebase-iid:20.2.3] AndroidManifest.xml:39:13-36
131            android:permission="com.google.android.c2dm.permission.SEND" >
131-->[com.google.firebase:firebase-iid:20.2.3] AndroidManifest.xml:40:13-73
132            <intent-filter>
132-->[com.google.firebase:firebase-iid:20.2.3] AndroidManifest.xml:41:13-43:29
133                <action android:name="com.google.android.c2dm.intent.RECEIVE" />
133-->[com.google.firebase:firebase-iid:20.2.3] AndroidManifest.xml:42:17-81
133-->[com.google.firebase:firebase-iid:20.2.3] AndroidManifest.xml:42:25-78
134            </intent-filter>
135        </receiver>
136
137        <provider
137-->[com.google.firebase:firebase-common:19.3.0] AndroidManifest.xml:26:9-30:39
138            android:name="com.google.firebase.provider.FirebaseInitProvider"
138-->[com.google.firebase:firebase-common:19.3.0] AndroidManifest.xml:27:13-77
139            android:authorities="com.AK.test2.firebaseinitprovider"
139-->[com.google.firebase:firebase-common:19.3.0] AndroidManifest.xml:28:13-72
140            android:exported="false"
140-->[com.google.firebase:firebase-common:19.3.0] AndroidManifest.xml:29:13-37
141            android:initOrder="100" />
141-->[com.google.firebase:firebase-common:19.3.0] AndroidManifest.xml:30:13-36
142
143        <activity
143-->[com.google.android.gms:play-services-base:17.0.0] AndroidManifest.xml:23:9-26:75
144            android:name="com.google.android.gms.common.api.GoogleApiActivity"
144-->[com.google.android.gms:play-services-base:17.0.0] AndroidManifest.xml:24:13-79
145            android:exported="false"
145-->[com.google.android.gms:play-services-base:17.0.0] AndroidManifest.xml:25:13-37
146            android:theme="@android:style/Theme.Translucent.NoTitleBar" />
146-->[com.google.android.gms:play-services-base:17.0.0] AndroidManifest.xml:26:13-72
147
148        <meta-data
148-->[com.google.android.gms:play-services-basement:17.0.0] AndroidManifest.xml:23:9-25:69
149            android:name="com.google.android.gms.version"
149-->[com.google.android.gms:play-services-basement:17.0.0] AndroidManifest.xml:24:13-58
150            android:value="@integer/google_play_services_version" />
150-->[com.google.android.gms:play-services-basement:17.0.0] AndroidManifest.xml:25:13-66
151
152        <service
152-->[com.google.android.datatransport:transport-backend-cct:2.2.0] AndroidManifest.xml:29:9-35:19
153            android:name="com.google.android.datatransport.runtime.backends.TransportBackendDiscovery"
153-->[com.google.android.datatransport:transport-backend-cct:2.2.0] AndroidManifest.xml:30:13-103
154            android:exported="false" >
154-->[com.google.android.datatransport:transport-backend-cct:2.2.0] AndroidManifest.xml:31:13-37
155            <meta-data
155-->[com.google.android.datatransport:transport-backend-cct:2.2.0] AndroidManifest.xml:32:13-34:39
156                android:name="backend:com.google.android.datatransport.cct.CctBackendFactory"
156-->[com.google.android.datatransport:transport-backend-cct:2.2.0] AndroidManifest.xml:33:17-94
157                android:value="cct" />
157-->[com.google.android.datatransport:transport-backend-cct:2.2.0] AndroidManifest.xml:34:17-36
158        </service>
159        <service
159-->[com.google.android.datatransport:transport-runtime:2.2.0] AndroidManifest.xml:26:9-30:19
160            android:name="com.google.android.datatransport.runtime.scheduling.jobscheduling.JobInfoSchedulerService"
160-->[com.google.android.datatransport:transport-runtime:2.2.0] AndroidManifest.xml:27:13-117
161            android:exported="false"
161-->[com.google.android.datatransport:transport-runtime:2.2.0] AndroidManifest.xml:28:13-37
162            android:permission="android.permission.BIND_JOB_SERVICE" >
162-->[com.google.android.datatransport:transport-runtime:2.2.0] AndroidManifest.xml:29:13-69
163        </service>
164
165        <receiver
165-->[com.google.android.datatransport:transport-runtime:2.2.0] AndroidManifest.xml:32:9-34:40
166            android:name="com.google.android.datatransport.runtime.scheduling.jobscheduling.AlarmManagerSchedulerBroadcastReceiver"
166-->[com.google.android.datatransport:transport-runtime:2.2.0] AndroidManifest.xml:33:13-132
167            android:exported="false" />
167-->[com.google.android.datatransport:transport-runtime:2.2.0] AndroidManifest.xml:34:13-37
168    </application>
169
170</manifest>